<?xml version="1.0" encoding="UTF-8"?>
<!-- Generated by org.testng.reporters.JUnitReportReporter -->
<testsuite hostname="DELL-SVETA" failures="0" tests="1" name="testScript.UIValidations" time="0.745" errors="0" timestamp="2025-10-04T11:41:36 IST" skipped="0">
  <testcase classname="testScript.UIValidations" name="TC_BTN_Validation" time="0.745"/>
</testsuite> <!-- testScript.UIValidations -->
