<?xml version="1.0" encoding="UTF-8"?>
<!-- Generated by org.testng.reporters.JUnitReportReporter -->
<testsuite hostname="DELL-SVETA" failures="0" tests="2" name="testScript.Product" time="30.313" errors="0" timestamp="2025-10-04T11:50:46 IST" skipped="0">
  <testcase classname="testScript.Product" name="TC_PositivePurchase" time="18.616"/>
  <testcase classname="testScript.Product" name="TC_invalidCardPayment" time="11.697"/>
</testsuite> <!-- testScript.Product -->
