<?xml version="1.0" encoding="UTF-8"?>
<!-- Generated by org.testng.reporters.JUnitReportReporter -->
<testsuite hostname="DELL-SVETA" failures="0" tests="1" name="testScript.Product" time="11.965" errors="0" timestamp="2025-10-03T20:58:34 IST" skipped="0">
  <testcase classname="testScript.Product" name="TC_invalidCardPayment" time="11.965"/>
</testsuite> <!-- testScript.Product -->
