<?xml version="1.0" encoding="UTF-8"?>
<!-- Generated by org.testng.reporters.JUnitReportReporter -->
<testsuite hostname="DELL-SVETA" failures="0" tests="1" name="testScript.User_Login" time="8.571" errors="0" timestamp="2025-10-03T12:13:53 IST" skipped="0">
  <testcase classname="testScript.User_Login" name="tc_2_Login" time="8.571"/>
</testsuite> <!-- testScript.User_Login -->
