<?xml version="1.0" encoding="UTF-8"?>
<!-- Generated by org.testng.reporters.JUnitReportReporter -->
<testsuite hostname="DELL-SVETA" failures="0" tests="1" name="testScript.User_Login" time="7.987" errors="0" timestamp="2025-10-04T11:50:46 IST" skipped="0">
  <testcase classname="testScript.User_Login" name="tc_2_Login" time="7.987"/>
</testsuite> <!-- testScript.User_Login -->
